DEBUG Data reading started
INFO Reading data from file: 3.00ms
INFO Building index: 1784.00ms

DEBUG Retrieving 50 docs started
INFO Find all documents containing words: 0.00ms
DEBUG Getting docs by id
INFO Getting docs took: 0.00ms
INFO Retrieve: 0.00ms
DEBUG Scoring started
INFO Lemmatizing all docs: 1671.85ms
INFO Counting all score took: 28.00ms
INFO Score: 1699.85ms
INFO Sorting: 0.00ms
INFO 127.0.0.1 - - [22/May/2022 18:45:29] "GET /?query=covid HTTP/1.1" 200 -

DEBUG Retrieving 50 docs started
INFO Find all documents containing words: 0.00ms
DEBUG Getting docs by id
INFO Getting docs took: 0.00ms
INFO Retrieve: 0.00ms
DEBUG Scoring started
INFO Lemmatizing all docs: 2903.01ms
INFO Counting all score took: 186.00ms
INFO Score: 3089.01ms
INFO Sorting: 0.00ms
INFO 127.0.0.1 - - [22/May/2022 18:45:38] "GET /?query=the HTTP/1.1" 200 -

DEBUG Retrieving 50 docs started
INFO Find all documents containing words: 0.00ms
INFO Set union: 0.00ms
DEBUG Getting docs by id
INFO Getting docs took: 0.00ms
INFO Retrieve: 0.00ms
DEBUG Scoring started
INFO Lemmatizing all docs: 853.18ms
INFO Counting all score took: 70.00ms
INFO Score: 924.18ms
INFO Sorting: 0.00ms
INFO 127.0.0.1 - - [22/May/2022 18:45:44] "GET /?query=mental+health HTTP/1.1" 200 -

DEBUG Retrieving 50 docs started
INFO Find all documents containing words: 0.00ms
DEBUG Getting docs by id
INFO Getting docs took: 0.00ms
INFO Retrieve: 0.00ms
DEBUG Scoring started
INFO Lemmatizing all docs: 408.00ms
INFO Counting all score took: 27.00ms
INFO Score: 436.00ms
INFO Sorting: 0.00ms
INFO 127.0.0.1 - - [22/May/2022 18:45:49] "GET /?query=covid HTTP/1.1" 200 -
