INFO Building index: 1826.00ms
DEBUG Data reading started
INFO Reading data from file: 56.00ms
INFO  * Running on http://127.0.0.1:8080/ (Press CTRL+C to quit)
DEBUG Retrieving 50 docs started
INFO Find all documents containing words: 0.00ms
INFO Set union: 0.00ms
DEBUG Getting docs by id
INFO Getting docs took: 0.00ms
INFO Retrieve: 0.00ms
DEBUG Scoring started
INFO Lemmatizing all docs: 2183.32ms
INFO Counting all score took: 67.00ms
INFO Score: 2252.31ms
INFO Sorting: 0.00ms
INFO 127.0.0.1 - - [24/May/2022 19:12:10] "GET /?query=mental+health HTTP/1.1" 200 -
DEBUG Retrieving 50 docs started
INFO Find all documents containing words: 0.00ms
DEBUG Getting docs by id
INFO Getting docs took: 0.00ms
INFO Retrieve: 0.00ms
DEBUG Scoring started
INFO Lemmatizing all docs: 371.66ms
INFO Counting all score took: 24.00ms
INFO Score: 395.67ms
INFO Sorting: 0.00ms
INFO 127.0.0.1 - - [24/May/2022 19:12:17] "GET /?query=covid HTTP/1.1" 200 -
DEBUG Retrieving 50 docs started
INFO Find all documents containing words: 0.00ms
DEBUG Getting docs by id
INFO Getting docs took: 0.00ms
INFO Retrieve: 0.00ms
DEBUG Scoring started
INFO Lemmatizing all docs: 252.00ms
INFO Counting all score took: 15.00ms
INFO Score: 267.00ms
INFO Sorting: 0.00ms
INFO 127.0.0.1 - - [24/May/2022 19:12:22] "GET /?query=sun HTTP/1.1" 200 -
INFO Building index: 215742.79ms
INFO Building index: 1026489.22ms
DEBUG Data reading started
INFO Reading data from file: 5966.00ms
INFO  * Running on http://127.0.0.1:8080/ (Press CTRL+C to quit)
DEBUG Retrieving 50 docs started
INFO Find all documents containing words: 0.00ms
INFO Retrieve: 0.00ms
DEBUG Scoring started
INFO Lemmatizing all docs: 3972.01ms
INFO Counting all score took: 155.00ms
INFO Score: 4128.02ms
INFO Sorting: 0.00ms
INFO 127.0.0.1 - - [24/May/2022 19:44:26] "GET / HTTP/1.1" 200 -
DEBUG Retrieving 50 docs started
INFO Find all documents containing words: 0.99ms
INFO Set union: 2.01ms
DEBUG Getting docs by id
INFO Getting docs took: 0.00ms
INFO Retrieve: 4.00ms
DEBUG Scoring started
INFO Lemmatizing all docs: 2100.01ms
INFO Counting all score took: 167.00ms
INFO Score: 2267.01ms
INFO Sorting: 0.00ms
INFO 127.0.0.1 - - [24/May/2022 19:44:33] "GET /?query=mental+health HTTP/1.1" 200 -
DEBUG Retrieving 50 docs started
INFO Find all documents containing words: 0.00ms
DEBUG Getting docs by id
INFO Getting docs took: 0.00ms
INFO Retrieve: 0.00ms
DEBUG Scoring started
INFO Lemmatizing all docs: 3003.43ms
INFO Counting all score took: 169.57ms
INFO Score: 3173.00ms
INFO Sorting: 0.00ms
INFO 127.0.0.1 - - [24/May/2022 19:44:43] "GET /?query=covid HTTP/1.1" 200 -
DEBUG Retrieving 50 docs started
INFO Find all documents containing words: 0.00ms
DEBUG Getting docs by id
INFO Getting docs took: 1.00ms
INFO Retrieve: 1.00ms
DEBUG Scoring started
INFO Lemmatizing all docs: 3171.01ms
INFO Counting all score took: 181.00ms
INFO Score: 3352.01ms
INFO Sorting: 0.00ms
INFO 127.0.0.1 - - [24/May/2022 19:45:09] "GET /?query=sun HTTP/1.1" 200 -
